Using pre-set license
Built from '2020.3/staging' branch; Version is '2020.3.4f1 (0abb6314276a) revision 703331'; Using compiler version '192528614'; Build Type 'Release'
OS: 'Windows 10 Home; OS build 19041.928; Version 2004; 64bit' Language: 'es' Physical Memory: 8026 MB
BatchMode: 1, IsHumanControllingUs: 0, StartBugReporterOnCrash: 0, Is64bit: 1, IsPro: 0

 COMMAND LINE ARGUMENTS:
C:\Program Files\Unity\Hub\Editor\2020.3.4f1\Editor\Unity.exe
-adb2
-batchMode
-noUpm
-name
AssetImportWorker0
-projectPath
C:/Users/Daniel/True rolling ball
-logFile
Logs/AssetImportWorker0.log
-srvPort
31288
Successfully changed project path to: C:/Users/Daniel/True rolling ball
C:/Users/Daniel/True rolling ball
Using Asset Import Pipeline V2.
Refreshing native plugins compatible for Editor in 58.03 ms, found 0 plugins.
Preloading 0 native plugins for Editor in 0.00 ms.
Initialize engine version: 2020.3.4f1 (0abb6314276a)
[Subsystems] Discovering subsystems at path C:/Program Files/Unity/Hub/Editor/2020.3.4f1/Editor/Data/Resources/UnitySubsystems
[Subsystems] Discovering subsystems at path C:/Users/Daniel/True rolling ball/Assets
GfxDevice: creating device client; threaded=0
Direct3D:
    Version:  Direct3D 11.0 [level 11.1]
    Renderer: Intel(R) UHD Graphics 620 (ID=0x5917)
    Vendor:   
    VRAM:     4013 MB
    Driver:   25.20.100.6446
Initialize mono
Mono path[0] = 'C:/Program Files/Unity/Hub/Editor/2020.3.4f1/Editor/Data/Managed'
Mono path[1] = 'C:/Program Files/Unity/Hub/Editor/2020.3.4f1/Editor/Data/MonoBleedingEdge/lib/mono/unityjit'
Mono config path = 'C:/Program Files/Unity/Hub/Editor/2020.3.4f1/Editor/Data/MonoBleedingEdge/etc'
Using monoOptions --debugger-agent=transport=dt_socket,embedding=1,server=y,suspend=n,address=127.0.0.1:56448
Begin MonoManager ReloadAssembly
Registering precompiled unity dll's ...
Register platform support module: C:/Program Files/Unity/Hub/Editor/2020.3.4f1/Editor/Data/PlaybackEngines/WebGLSupport/UnityEditor.WebGL.Extensions.dll
Register platform support module: C:/Program Files/Unity/Hub/Editor/2020.3.4f1/Editor/Data/PlaybackEngines/WindowsStandaloneSupport/UnityEditor.WindowsStandalone.Extensions.dll
Registered in 0.003065 seconds.
Native extension for WindowsStandalone target not found
Native extension for WebGL target not found
Refreshing native plugins compatible for Editor in 66.39 ms, found 0 plugins.
Preloading 0 native plugins for Editor in 0.00 ms.
Mono: successfully reloaded assembly
- Completed reload, in  1.465 seconds
Platform modules already initialized, skipping
Registering precompiled user dll's ...
Registered in 0.001816 seconds.
Begin MonoManager ReloadAssembly
Native extension for WindowsStandalone target not found
Native extension for WebGL target not found
Refreshing native plugins compatible for Editor in 62.42 ms, found 0 plugins.
Preloading 0 native plugins for Editor in 0.00 ms.
Mono: successfully reloaded assembly
- Completed reload, in  1.286 seconds
Platform modules already initialized, skipping
========================================================================
Worker process is ready to serve import requests
Shader 'Universal Render Pipeline/Particles/Lit': fallback shader 'Universal Render Pipeline/Particles/SimpleLit' not found
Shader 'Universal Render Pipeline/Particles/Lit': fallback shader 'Universal Render Pipeline/Particles/SimpleLit' not found
Launched and connected shader compiler UnityShaderCompiler.exe after 0.08 seconds
Refreshing native plugins compatible for Editor in 0.61 ms, found 0 plugins.
Preloading 0 native plugins for Editor in 0.00 ms.
Unloading 2720 Unused Serialized files (Serialized files now loaded: 0)
System memory in use before: 124.7 MB.
System memory in use after: 121.9 MB.

Unloading 47 unused Assets to reduce memory usage. Loaded Objects now: 3128.
Total: 5.973500 ms (FindLiveObjects: 0.976800 ms CreateObjectMapping: 0.457700 ms MarkObjects: 3.038200 ms  DeleteObjects: 1.499000 ms)

========================================================================
Received Import Request.
  path: Assets/template/Scripts
  artifactKey: Guid(02a3527b6b33a924e8ec66aa805ea717) Importer(815301076,1909f56bfc062723c751e8b465ee728b)
Start importing Assets/template/Scripts using Guid(02a3527b6b33a924e8ec66aa805ea717) Importer(815301076,1909f56bfc062723c751e8b465ee728b)  -> (artifact id: 'e770a7108101aab76c292659c82131fc') in 0.023918 seconds
  Import took 0.032448 seconds .

========================================================================
Received Prepare
Registering precompiled user dll's ...
Registered in 0.001808 seconds.
Begin MonoManager ReloadAssembly
Native extension for WindowsStandalone target not found
Native extension for WebGL target not found
Refreshing native plugins compatible for Editor in 0.68 ms, found 0 plugins.
Preloading 0 native plugins for Editor in 0.00 ms.
Mono: successfully reloaded assembly
- Completed reload, in  1.226 seconds
Platform modules already initialized, skipping
Shader 'Universal Render Pipeline/Particles/Lit': fallback shader 'Universal Render Pipeline/Particles/SimpleLit' not found
Shader 'Universal Render Pipeline/Particles/Lit': fallback shader 'Universal Render Pipeline/Particles/SimpleLit' not found
Refreshing native plugins compatible for Editor in 0.49 ms, found 0 plugins.
Preloading 0 native plugins for Editor in 0.00 ms.
Unloading 2646 Unused Serialized files (Serialized files now loaded: 0)
System memory in use before: 121.2 MB.
System memory in use after: 118.6 MB.

Unloading 40 unused Assets to reduce memory usage. Loaded Objects now: 3132.
Total: 4.177200 ms (FindLiveObjects: 0.308700 ms CreateObjectMapping: 0.166300 ms MarkObjects: 2.197100 ms  DeleteObjects: 1.503500 ms)

========================================================================
Received Import Request.
  Time since last request: 31.815153 seconds.
  path: Assets/template/Scripts/SimpleCameraController.cs
  artifactKey: Guid(be76e5f14cfee674cb30b491fb72b09b) Importer(815301076,1909f56bfc062723c751e8b465ee728b)
Start importing Assets/template/Scripts/SimpleCameraController.cs using Guid(be76e5f14cfee674cb30b491fb72b09b) Importer(815301076,1909f56bfc062723c751e8b465ee728b)  -> (artifact id: '7ba0fb5e362be47a7858d609702ca8b9') in 0.074465 seconds
  Import took 0.080914 seconds .

========================================================================
Received Import Request.
  Time since last request: 15.058934 seconds.
  path: Assets/rotator.cs
  artifactKey: Guid(980482c18b65bc94f9079443af74de14) Importer(815301076,1909f56bfc062723c751e8b465ee728b)
Start importing Assets/rotator.cs using Guid(980482c18b65bc94f9079443af74de14) Importer(815301076,1909f56bfc062723c751e8b465ee728b)  -> (artifact id: '1b4fd7e876b61d2e1bab7a3d3869e9f4') in 0.014918 seconds
  Import took 0.027955 seconds .

========================================================================
Received Import Request.
  Time since last request: 41.540778 seconds.
  path: Assets/rotator.cs
  artifactKey: Guid(980482c18b65bc94f9079443af74de14) Importer(815301076,1909f56bfc062723c751e8b465ee728b)
Start importing Assets/rotator.cs using Guid(980482c18b65bc94f9079443af74de14) Importer(815301076,1909f56bfc062723c751e8b465ee728b)  -> (artifact id: 'c846ab8ed6e9b7d96a448d0b26db377d') in 0.005072 seconds
  Import took 0.013121 seconds .

========================================================================
Received Import Request.
  Time since last request: 0.001119 seconds.
  path: Assets/rotator.cs
  artifactKey: Guid(980482c18b65bc94f9079443af74de14) Importer(815301076,1909f56bfc062723c751e8b465ee728b)
Start importing Assets/rotator.cs using Guid(980482c18b65bc94f9079443af74de14) Importer(815301076,1909f56bfc062723c751e8b465ee728b)  -> (artifact id: 'c846ab8ed6e9b7d96a448d0b26db377d') in 0.003620 seconds
  Import took 0.013106 seconds .

========================================================================
Received Import Request.
  Time since last request: 5.382540 seconds.
  path: Assets/scripts/Rotator.cs
  artifactKey: Guid(7e185149f87ea93428886c5bcd145268) Importer(815301076,1909f56bfc062723c751e8b465ee728b)
Start importing Assets/scripts/Rotator.cs using Guid(7e185149f87ea93428886c5bcd145268) Importer(815301076,1909f56bfc062723c751e8b465ee728b)  -> (artifact id: 'c40205633e39c2272820b30000236bf1') in 0.018349 seconds
  Import took 0.023809 seconds .

========================================================================
Received Import Request.
  Time since last request: 15.152800 seconds.
  path: Assets/scripts/Rotator.cs
  artifactKey: Guid(7e185149f87ea93428886c5bcd145268) Importer(815301076,1909f56bfc062723c751e8b465ee728b)
Start importing Assets/scripts/Rotator.cs using Guid(7e185149f87ea93428886c5bcd145268) Importer(815301076,1909f56bfc062723c751e8b465ee728b)  -> (artifact id: '1079e4924538b1ca48ac50536aa85118') in 0.005412 seconds
  Import took 0.017252 seconds .

========================================================================
Received Import Request.
  Time since last request: 0.004888 seconds.
  path: Assets/scripts/Rotator.cs
  artifactKey: Guid(7e185149f87ea93428886c5bcd145268) Importer(815301076,1909f56bfc062723c751e8b465ee728b)
Start importing Assets/scripts/Rotator.cs using Guid(7e185149f87ea93428886c5bcd145268) Importer(815301076,1909f56bfc062723c751e8b465ee728b)  -> (artifact id: '1079e4924538b1ca48ac50536aa85118') in 0.006332 seconds
  Import took 0.018897 seconds .

========================================================================
Received Prepare
Registering precompiled user dll's ...
Registered in 0.001839 seconds.
Begin MonoManager ReloadAssembly
Native extension for WindowsStandalone target not found
Native extension for WebGL target not found
Refreshing native plugins compatible for Editor in 0.51 ms, found 0 plugins.
Preloading 0 native plugins for Editor in 0.00 ms.
Mono: successfully reloaded assembly
- Completed reload, in  1.065 seconds
Platform modules already initialized, skipping
Shader 'Universal Render Pipeline/Particles/Lit': fallback shader 'Universal Render Pipeline/Particles/SimpleLit' not found
Shader 'Universal Render Pipeline/Particles/Lit': fallback shader 'Universal Render Pipeline/Particles/SimpleLit' not found
Refreshing native plugins compatible for Editor in 0.62 ms, found 0 plugins.
Preloading 0 native plugins for Editor in 0.00 ms.
Unloading 2645 Unused Serialized files (Serialized files now loaded: 0)
System memory in use before: 121.3 MB.
System memory in use after: 118.6 MB.

Unloading 41 unused Assets to reduce memory usage. Loaded Objects now: 3134.
Total: 4.594900 ms (FindLiveObjects: 0.308500 ms CreateObjectMapping: 0.152700 ms MarkObjects: 2.466300 ms  DeleteObjects: 1.665300 ms)

========================================================================
Received Prepare
Registering precompiled user dll's ...
Registered in 0.002713 seconds.
Begin MonoManager ReloadAssembly
Native extension for WindowsStandalone target not found
Native extension for WebGL target not found
Refreshing native plugins compatible for Editor in 0.55 ms, found 0 plugins.
Preloading 0 native plugins for Editor in 0.00 ms.
Mono: successfully reloaded assembly
- Completed reload, in  1.635 seconds
Platform modules already initialized, skipping
Shader 'Universal Render Pipeline/Particles/Lit': fallback shader 'Universal Render Pipeline/Particles/SimpleLit' not found
Shader 'Universal Render Pipeline/Particles/Lit': fallback shader 'Universal Render Pipeline/Particles/SimpleLit' not found
Refreshing native plugins compatible for Editor in 0.50 ms, found 0 plugins.
Preloading 0 native plugins for Editor in 0.00 ms.
Unloading 2645 Unused Serialized files (Serialized files now loaded: 0)
System memory in use before: 121.4 MB.
System memory in use after: 118.6 MB.

Unloading 40 unused Assets to reduce memory usage. Loaded Objects now: 3137.
Total: 10.526900 ms (FindLiveObjects: 0.899600 ms CreateObjectMapping: 0.609500 ms MarkObjects: 5.307100 ms  DeleteObjects: 3.707600 ms)

========================================================================
Received Import Request.
  Time since last request: 198.437089 seconds.
  path: Assets/nose.unity
  artifactKey: Guid(9415efe1117b70f448c5cb2366565bb3) Importer(815301076,1909f56bfc062723c751e8b465ee728b)
Start importing Assets/nose.unity using Guid(9415efe1117b70f448c5cb2366565bb3) Importer(815301076,1909f56bfc062723c751e8b465ee728b)  -> (artifact id: '2238c452580c98066a6d00c04e14fcf1') in 0.033435 seconds
  Import took 0.041886 seconds .

========================================================================
Received Prepare
Registering precompiled user dll's ...
Registered in 0.001976 seconds.
Begin MonoManager ReloadAssembly
Native extension for WindowsStandalone target not found
Native extension for WebGL target not found
Refreshing native plugins compatible for Editor in 0.51 ms, found 0 plugins.
Preloading 0 native plugins for Editor in 0.00 ms.
Mono: successfully reloaded assembly
- Completed reload, in  1.086 seconds
Platform modules already initialized, skipping
Shader 'Universal Render Pipeline/Particles/Lit': fallback shader 'Universal Render Pipeline/Particles/SimpleLit' not found
Shader 'Universal Render Pipeline/Particles/Lit': fallback shader 'Universal Render Pipeline/Particles/SimpleLit' not found
Refreshing native plugins compatible for Editor in 0.49 ms, found 0 plugins.
Preloading 0 native plugins for Editor in 0.00 ms.
Unloading 2645 Unused Serialized files (Serialized files now loaded: 0)
System memory in use before: 121.4 MB.
System memory in use after: 118.6 MB.

Unloading 40 unused Assets to reduce memory usage. Loaded Objects now: 3140.
Total: 5.025600 ms (FindLiveObjects: 0.303600 ms CreateObjectMapping: 0.151200 ms MarkObjects: 2.656900 ms  DeleteObjects: 1.912400 ms)

========================================================================
Received Prepare
Registering precompiled user dll's ...
Registered in 0.002565 seconds.
Begin MonoManager ReloadAssembly
Native extension for WindowsStandalone target not found
Native extension for WebGL target not found
Refreshing native plugins compatible for Editor in 0.53 ms, found 0 plugins.
Preloading 0 native plugins for Editor in 0.00 ms.
Mono: successfully reloaded assembly
- Completed reload, in  1.478 seconds
Platform modules already initialized, skipping
Shader 'Universal Render Pipeline/Particles/Lit': fallback shader 'Universal Render Pipeline/Particles/SimpleLit' not found
Shader 'Universal Render Pipeline/Particles/Lit': fallback shader 'Universal Render Pipeline/Particles/SimpleLit' not found
Refreshing native plugins compatible for Editor in 1.45 ms, found 0 plugins.
Preloading 0 native plugins for Editor in 0.00 ms.
Unloading 2645 Unused Serialized files (Serialized files now loaded: 0)
System memory in use before: 121.4 MB.
System memory in use after: 118.7 MB.

Unloading 40 unused Assets to reduce memory usage. Loaded Objects now: 3143.
Total: 8.627300 ms (FindLiveObjects: 0.798400 ms CreateObjectMapping: 0.681000 ms MarkObjects: 4.167400 ms  DeleteObjects: 2.958100 ms)

========================================================================
Received Import Request.
  Time since last request: 70.784800 seconds.
  path: Assets/prefabs
  artifactKey: Guid(711b9aa8994adf74dbb5fecb1bf261fa) Importer(815301076,1909f56bfc062723c751e8b465ee728b)
Start importing Assets/prefabs using Guid(711b9aa8994adf74dbb5fecb1bf261fa) Importer(815301076,1909f56bfc062723c751e8b465ee728b)  -> (artifact id: '9d098535bcb637b175bf0d0fd9738546') in 0.019826 seconds
  Import took 0.030773 seconds .

========================================================================
Received Import Request.
  Time since last request: 0.003233 seconds.
  path: Assets/prefabs
  artifactKey: Guid(711b9aa8994adf74dbb5fecb1bf261fa) Importer(815301076,1909f56bfc062723c751e8b465ee728b)
Start importing Assets/prefabs using Guid(711b9aa8994adf74dbb5fecb1bf261fa) Importer(815301076,1909f56bfc062723c751e8b465ee728b)  -> (artifact id: '9d098535bcb637b175bf0d0fd9738546') in 0.004385 seconds
  Import took 0.013455 seconds .

========================================================================
Received Import Request.
  Time since last request: 5.734694 seconds.
  path: Assets/prefabs/Pick up.prefab
  artifactKey: Guid(5fb51e59abf06994bb530c149e3ed5be) Importer(815301076,1909f56bfc062723c751e8b465ee728b)
Start importing Assets/prefabs/Pick up.prefab using Guid(5fb51e59abf06994bb530c149e3ed5be) Importer(815301076,1909f56bfc062723c751e8b465ee728b)  -> (artifact id: '155056ef76b8562a7edb42062c82dd73') in 0.367061 seconds
  Import took 0.374779 seconds .

========================================================================
Received Import Request.
  Time since last request: 34.890914 seconds.
  path: Assets/scenes
  artifactKey: Guid(0955e9ddd9158b94aad57284b555f7a3) Importer(815301076,1909f56bfc062723c751e8b465ee728b)
Start importing Assets/scenes using Guid(0955e9ddd9158b94aad57284b555f7a3) Importer(815301076,1909f56bfc062723c751e8b465ee728b)  -> (artifact id: 'ff5c84eaa73343c56c7234de90262109') in 0.012075 seconds
  Import took 0.018773 seconds .

========================================================================
Received Import Request.
  Time since last request: 921.664164 seconds.
  path: ProjectSettings/TagManager.asset
  artifactKey: Guid(00000000000000003000000000000000) Importer(815301076,1909f56bfc062723c751e8b465ee728b)
Start importing ProjectSettings/TagManager.asset using Guid(00000000000000003000000000000000) Importer(815301076,1909f56bfc062723c751e8b465ee728b)  -> (artifact id: '16be676450d44e2f6ec1e370387d2562') in 0.021036 seconds
  Import took 0.034428 seconds .

========================================================================
Received Import Request.
  Time since last request: 0.009249 seconds.
  path: ProjectSettings/TagManager.asset
  artifactKey: Guid(00000000000000003000000000000000) Importer(815301076,1909f56bfc062723c751e8b465ee728b)
Start importing ProjectSettings/TagManager.asset using Guid(00000000000000003000000000000000) Importer(815301076,1909f56bfc062723c751e8b465ee728b)  -> (artifact id: '16be676450d44e2f6ec1e370387d2562') in 0.012112 seconds
  Import took 0.023507 seconds .

========================================================================
Received Import Request.
  Time since last request: 61.465942 seconds.
  path: Assets/prefabs/Pick up.prefab
  artifactKey: Guid(5fb51e59abf06994bb530c149e3ed5be) Importer(815301076,1909f56bfc062723c751e8b465ee728b)
Start importing Assets/prefabs/Pick up.prefab using Guid(5fb51e59abf06994bb530c149e3ed5be) Importer(815301076,1909f56bfc062723c751e8b465ee728b)  -> (artifact id: '1bc5181ef0c628bb3ad9e54077fcf116') in 0.025278 seconds
  Import took 0.035627 seconds .

========================================================================
Received Prepare
Registering precompiled user dll's ...
Registered in 0.004767 seconds.
Begin MonoManager ReloadAssembly
Native extension for WindowsStandalone target not found
Native extension for WebGL target not found
Refreshing native plugins compatible for Editor in 0.62 ms, found 0 plugins.
Preloading 0 native plugins for Editor in 0.00 ms.
Mono: successfully reloaded assembly
- Completed reload, in  3.704 seconds
Platform modules already initialized, skipping
Shader 'Universal Render Pipeline/Particles/Lit': fallback shader 'Universal Render Pipeline/Particles/SimpleLit' not found
Shader 'Universal Render Pipeline/Particles/Lit': fallback shader 'Universal Render Pipeline/Particles/SimpleLit' not found
Refreshing native plugins compatible for Editor in 0.96 ms, found 0 plugins.
Preloading 0 native plugins for Editor in 0.00 ms.
Unloading 2645 Unused Serialized files (Serialized files now loaded: 0)
System memory in use before: 126.6 MB.
System memory in use after: 123.9 MB.

Unloading 42 unused Assets to reduce memory usage. Loaded Objects now: 3192.
Total: 18.015100 ms (FindLiveObjects: 1.527500 ms CreateObjectMapping: 1.004300 ms MarkObjects: 7.714500 ms  DeleteObjects: 7.764100 ms)

========================================================================
Received Prepare
Registering precompiled user dll's ...
Registered in 0.004659 seconds.
Begin MonoManager ReloadAssembly
Native extension for WindowsStandalone target not found
Native extension for WebGL target not found
Refreshing native plugins compatible for Editor in 1.69 ms, found 0 plugins.
Preloading 0 native plugins for Editor in 0.00 ms.
Mono: successfully reloaded assembly
- Completed reload, in  3.628 seconds
Platform modules already initialized, skipping
Shader 'Universal Render Pipeline/Particles/Lit': fallback shader 'Universal Render Pipeline/Particles/SimpleLit' not found
Shader 'Universal Render Pipeline/Particles/Lit': fallback shader 'Universal Render Pipeline/Particles/SimpleLit' not found
Refreshing native plugins compatible for Editor in 1.14 ms, found 0 plugins.
Preloading 0 native plugins for Editor in 0.00 ms.
Unloading 2645 Unused Serialized files (Serialized files now loaded: 0)
System memory in use before: 126.6 MB.
System memory in use after: 123.9 MB.

Unloading 40 unused Assets to reduce memory usage. Loaded Objects now: 3195.
Total: 21.344400 ms (FindLiveObjects: 0.744100 ms CreateObjectMapping: 3.933800 ms MarkObjects: 12.593600 ms  DeleteObjects: 4.069400 ms)

========================================================================
Received Import Request.
  Time since last request: 386.573600 seconds.
  path: Assets/prefabs/Pick up.prefab
  artifactKey: Guid(5fb51e59abf06994bb530c149e3ed5be) Importer(815301076,1909f56bfc062723c751e8b465ee728b)
Start importing Assets/prefabs/Pick up.prefab using Guid(5fb51e59abf06994bb530c149e3ed5be) Importer(815301076,1909f56bfc062723c751e8b465ee728b)  -> (artifact id: 'a8db5dd7e1951a621e1f914e844f5fe2') in 1.041553 seconds
  Import took 1.063914 seconds .

========================================================================
Received Prepare
Registering precompiled user dll's ...
Registered in 0.004607 seconds.
Begin MonoManager ReloadAssembly
Native extension for WindowsStandalone target not found
Native extension for WebGL target not found
Refreshing native plugins compatible for Editor in 3.51 ms, found 0 plugins.
Preloading 0 native plugins for Editor in 0.00 ms.
Mono: successfully reloaded assembly
- Completed reload, in  4.557 seconds
Platform modules already initialized, skipping
Shader 'Universal Render Pipeline/Particles/Lit': fallback shader 'Universal Render Pipeline/Particles/SimpleLit' not found
Shader 'Universal Render Pipeline/Particles/Lit': fallback shader 'Universal Render Pipeline/Particles/SimpleLit' not found
Refreshing native plugins compatible for Editor in 2.37 ms, found 0 plugins.
Preloading 0 native plugins for Editor in 0.00 ms.
Unloading 2645 Unused Serialized files (Serialized files now loaded: 0)
System memory in use before: 126.8 MB.
System memory in use after: 124.0 MB.

Unloading 40 unused Assets to reduce memory usage. Loaded Objects now: 3234.
Total: 18.763300 ms (FindLiveObjects: 1.959000 ms CreateObjectMapping: 1.445400 ms MarkObjects: 7.167900 ms  DeleteObjects: 8.186500 ms)

========================================================================
Received Import Request.
  Time since last request: 193.268885 seconds.
  path: Assets/prefabs/Pick up.prefab
  artifactKey: Guid(5fb51e59abf06994bb530c149e3ed5be) Importer(815301076,1909f56bfc062723c751e8b465ee728b)
Start importing Assets/prefabs/Pick up.prefab using Guid(5fb51e59abf06994bb530c149e3ed5be) Importer(815301076,1909f56bfc062723c751e8b465ee728b)  -> (artifact id: 'e74a80669d3898bf736744228c4cebbb') in 0.396311 seconds
  Import took 0.407224 seconds .

========================================================================
Received Prepare
Registering precompiled user dll's ...
Registered in 0.004772 seconds.
Begin MonoManager ReloadAssembly
Native extension for WindowsStandalone target not found
Native extension for WebGL target not found
Refreshing native plugins compatible for Editor in 1.14 ms, found 0 plugins.
Preloading 0 native plugins for Editor in 0.00 ms.
Mono: successfully reloaded assembly
- Completed reload, in  2.140 seconds
Platform modules already initialized, skipping
Shader 'Universal Render Pipeline/Particles/Lit': fallback shader 'Universal Render Pipeline/Particles/SimpleLit' not found
Shader 'Universal Render Pipeline/Particles/Lit': fallback shader 'Universal Render Pipeline/Particles/SimpleLit' not found
Refreshing native plugins compatible for Editor in 0.64 ms, found 0 plugins.
Preloading 0 native plugins for Editor in 0.00 ms.
Unloading 2645 Unused Serialized files (Serialized files now loaded: 0)
System memory in use before: 126.9 MB.
System memory in use after: 124.2 MB.

Unloading 40 unused Assets to reduce memory usage. Loaded Objects now: 3273.
Total: 9.369800 ms (FindLiveObjects: 1.106000 ms CreateObjectMapping: 0.650600 ms MarkObjects: 4.935600 ms  DeleteObjects: 2.674300 ms)

========================================================================
Received Import Request.
  Time since last request: 36.736503 seconds.
  path: Assets/prefabs/Pick up.prefab
  artifactKey: Guid(5fb51e59abf06994bb530c149e3ed5be) Importer(815301076,1909f56bfc062723c751e8b465ee728b)
Start importing Assets/prefabs/Pick up.prefab using Guid(5fb51e59abf06994bb530c149e3ed5be) Importer(815301076,1909f56bfc062723c751e8b465ee728b)  -> (artifact id: '862f063d4eb55af251a8732a4fd7f5fa') in 0.611900 seconds
  Import took 0.634770 seconds .

========================================================================
Received Import Request.
  Time since last request: 18.710980 seconds.
  path: Assets/prefabs/Pick up.prefab
  artifactKey: Guid(5fb51e59abf06994bb530c149e3ed5be) Importer(815301076,1909f56bfc062723c751e8b465ee728b)
Start importing Assets/prefabs/Pick up.prefab using Guid(5fb51e59abf06994bb530c149e3ed5be) Importer(815301076,1909f56bfc062723c751e8b465ee728b)  -> (artifact id: 'c994cb04f7fc41d144a3d6f2e627c327') in 0.025498 seconds
  Import took 0.037375 seconds .

========================================================================
Received Prepare
Registering precompiled user dll's ...
Registered in 0.005495 seconds.
Begin MonoManager ReloadAssembly
Native extension for WindowsStandalone target not found
Native extension for WebGL target not found
Refreshing native plugins compatible for Editor in 1.26 ms, found 0 plugins.
Preloading 0 native plugins for Editor in 0.00 ms.
Mono: successfully reloaded assembly
- Completed reload, in  3.194 seconds
Platform modules already initialized, skipping
Shader 'Universal Render Pipeline/Particles/Lit': fallback shader 'Universal Render Pipeline/Particles/SimpleLit' not found
Shader 'Universal Render Pipeline/Particles/Lit': fallback shader 'Universal Render Pipeline/Particles/SimpleLit' not found
Refreshing native plugins compatible for Editor in 0.53 ms, found 0 plugins.
Preloading 0 native plugins for Editor in 0.00 ms.
Unloading 2645 Unused Serialized files (Serialized files now loaded: 0)
System memory in use before: 127.1 MB.
System memory in use after: 124.4 MB.

Unloading 40 unused Assets to reduce memory usage. Loaded Objects now: 3312.
Total: 5.084600 ms (FindLiveObjects: 0.375800 ms CreateObjectMapping: 0.161300 ms MarkObjects: 2.829700 ms  DeleteObjects: 1.715900 ms)

========================================================================
Received Import Request.
  Time since last request: 115.578888 seconds.
  path: Assets/scripts/PlayerController.cs
  artifactKey: Guid(48b92f7b1e06d4b458b69816be7a4ad5) Importer(815301076,1909f56bfc062723c751e8b465ee728b)
Start importing Assets/scripts/PlayerController.cs using Guid(48b92f7b1e06d4b458b69816be7a4ad5) Importer(815301076,1909f56bfc062723c751e8b465ee728b)  -> (artifact id: '0a917cad6086c2c4f16c7f069e75eaa9') in 0.017829 seconds
  Import took 0.025942 seconds .

========================================================================
Received Prepare
Registering precompiled user dll's ...
Registered in 0.006414 seconds.
Begin MonoManager ReloadAssembly
Native extension for WindowsStandalone target not found
Native extension for WebGL target not found
Refreshing native plugins compatible for Editor in 1.10 ms, found 0 plugins.
Preloading 0 native plugins for Editor in 0.00 ms.
Mono: successfully reloaded assembly
- Completed reload, in  3.110 seconds
Platform modules already initialized, skipping
Shader 'Universal Render Pipeline/Particles/Lit': fallback shader 'Universal Render Pipeline/Particles/SimpleLit' not found
Shader 'Universal Render Pipeline/Particles/Lit': fallback shader 'Universal Render Pipeline/Particles/SimpleLit' not found
Refreshing native plugins compatible for Editor in 0.59 ms, found 0 plugins.
Preloading 0 native plugins for Editor in 0.00 ms.
Unloading 2658 Unused Serialized files (Serialized files now loaded: 0)
System memory in use before: 129.1 MB.
System memory in use after: 125.7 MB.

Unloading 53 unused Assets to reduce memory usage. Loaded Objects now: 3315.
Total: 5.372600 ms (FindLiveObjects: 0.368100 ms CreateObjectMapping: 0.200600 ms MarkObjects: 2.747200 ms  DeleteObjects: 2.055000 ms)

========================================================================
Received Import Request.
  Time since last request: 813.104953 seconds.
  path: Assets/scripts/PlayerController.cs
  artifactKey: Guid(48b92f7b1e06d4b458b69816be7a4ad5) Importer(815301076,1909f56bfc062723c751e8b465ee728b)
Start importing Assets/scripts/PlayerController.cs using Guid(48b92f7b1e06d4b458b69816be7a4ad5) Importer(815301076,1909f56bfc062723c751e8b465ee728b)  -> (artifact id: '0ce49b42bf30ab7d3b0509bfbefa498b') in 0.008803 seconds
  Import took 0.017117 seconds .

========================================================================
Received Prepare
Registering precompiled user dll's ...
Registered in 0.002590 seconds.
Begin MonoManager ReloadAssembly
Native extension for WindowsStandalone target not found
Native extension for WebGL target not found
Refreshing native plugins compatible for Editor in 1.48 ms, found 0 plugins.
Preloading 0 native plugins for Editor in 0.00 ms.
Mono: successfully reloaded assembly
- Completed reload, in  3.136 seconds
Platform modules already initialized, skipping
Shader 'Universal Render Pipeline/Particles/Lit': fallback shader 'Universal Render Pipeline/Particles/SimpleLit' not found
Shader 'Universal Render Pipeline/Particles/Lit': fallback shader 'Universal Render Pipeline/Particles/SimpleLit' not found
Refreshing native plugins compatible for Editor in 1.01 ms, found 0 plugins.
Preloading 0 native plugins for Editor in 0.00 ms.
Unloading 2658 Unused Serialized files (Serialized files now loaded: 0)
System memory in use before: 129.1 MB.
System memory in use after: 125.8 MB.

Unloading 53 unused Assets to reduce memory usage. Loaded Objects now: 3318.
Total: 6.918100 ms (FindLiveObjects: 0.507900 ms CreateObjectMapping: 0.271500 ms MarkObjects: 3.190900 ms  DeleteObjects: 2.945000 ms)

========================================================================
Received Prepare
Registering precompiled user dll's ...
Registered in 0.001965 seconds.
Begin MonoManager ReloadAssembly
Native extension for WindowsStandalone target not found
Native extension for WebGL target not found
Refreshing native plugins compatible for Editor in 0.63 ms, found 0 plugins.
Preloading 0 native plugins for Editor in 0.00 ms.
Mono: successfully reloaded assembly
- Completed reload, in  2.404 seconds
Platform modules already initialized, skipping
Shader 'Universal Render Pipeline/Particles/Lit': fallback shader 'Universal Render Pipeline/Particles/SimpleLit' not found
Shader 'Universal Render Pipeline/Particles/Lit': fallback shader 'Universal Render Pipeline/Particles/SimpleLit' not found
Refreshing native plugins compatible for Editor in 1.01 ms, found 0 plugins.
Preloading 0 native plugins for Editor in 0.00 ms.
Unloading 2658 Unused Serialized files (Serialized files now loaded: 0)
System memory in use before: 129.1 MB.
System memory in use after: 125.8 MB.

Unloading 53 unused Assets to reduce memory usage. Loaded Objects now: 3321.
Total: 7.678900 ms (FindLiveObjects: 0.769200 ms CreateObjectMapping: 0.299400 ms MarkObjects: 3.445100 ms  DeleteObjects: 3.162700 ms)

========================================================================
Received Prepare
Registering precompiled user dll's ...
Registered in 0.007462 seconds.
Begin MonoManager ReloadAssembly
Native extension for WindowsStandalone target not found
Native extension for WebGL target not found
Refreshing native plugins compatible for Editor in 0.93 ms, found 0 plugins.
Preloading 0 native plugins for Editor in 0.00 ms.
Mono: successfully reloaded assembly
- Completed reload, in  2.115 seconds
Platform modules already initialized, skipping
Shader 'Universal Render Pipeline/Particles/Lit': fallback shader 'Universal Render Pipeline/Particles/SimpleLit' not found
Shader 'Universal Render Pipeline/Particles/Lit': fallback shader 'Universal Render Pipeline/Particles/SimpleLit' not found
Refreshing native plugins compatible for Editor in 0.71 ms, found 0 plugins.
Preloading 0 native plugins for Editor in 0.00 ms.
Unloading 2658 Unused Serialized files (Serialized files now loaded: 0)
System memory in use before: 129.2 MB.
System memory in use after: 125.8 MB.

Unloading 53 unused Assets to reduce memory usage. Loaded Objects now: 3324.
Total: 5.468400 ms (FindLiveObjects: 0.484700 ms CreateObjectMapping: 0.186000 ms MarkObjects: 2.709300 ms  DeleteObjects: 2.086700 ms)

========================================================================
Received Import Request.
  Time since last request: 257.305724 seconds.
  path: Assets/scripts/PlayerController.cs
  artifactKey: Guid(48b92f7b1e06d4b458b69816be7a4ad5) Importer(815301076,1909f56bfc062723c751e8b465ee728b)
Start importing Assets/scripts/PlayerController.cs using Guid(48b92f7b1e06d4b458b69816be7a4ad5) Importer(815301076,1909f56bfc062723c751e8b465ee728b)  -> (artifact id: 'aa41f0002a1003eac5f5dd464c79a9cb') in 0.010479 seconds
  Import took 0.019631 seconds .

========================================================================
Received Import Request.
  Time since last request: 0.050979 seconds.
  path: Assets/scripts/PlayerController.cs
  artifactKey: Guid(48b92f7b1e06d4b458b69816be7a4ad5) Importer(815301076,1909f56bfc062723c751e8b465ee728b)
Start importing Assets/scripts/PlayerController.cs using Guid(48b92f7b1e06d4b458b69816be7a4ad5) Importer(815301076,1909f56bfc062723c751e8b465ee728b)  -> (artifact id: 'aa41f0002a1003eac5f5dd464c79a9cb') in 0.006110 seconds
  Import took 0.016565 seconds .

========================================================================
Received Import Request.
  Time since last request: 24.980092 seconds.
  path: Assets/scripts/PlayerController.cs
  artifactKey: Guid(48b92f7b1e06d4b458b69816be7a4ad5) Importer(815301076,1909f56bfc062723c751e8b465ee728b)
Start importing Assets/scripts/PlayerController.cs using Guid(48b92f7b1e06d4b458b69816be7a4ad5) Importer(815301076,1909f56bfc062723c751e8b465ee728b)  -> (artifact id: '52c86bad9e176b4c9c90a6bc86ff6e07') in 0.010745 seconds
  Import took 0.028142 seconds .

========================================================================
Received Prepare
Registering precompiled user dll's ...
Registered in 0.003690 seconds.
Begin MonoManager ReloadAssembly
Native extension for WindowsStandalone target not found
Native extension for WebGL target not found
Refreshing native plugins compatible for Editor in 1.40 ms, found 0 plugins.
Preloading 0 native plugins for Editor in 0.00 ms.
Mono: successfully reloaded assembly
- Completed reload, in  3.263 seconds
Platform modules already initialized, skipping
Shader 'Universal Render Pipeline/Particles/Lit': fallback shader 'Universal Render Pipeline/Particles/SimpleLit' not found
Shader 'Universal Render Pipeline/Particles/Lit': fallback shader 'Universal Render Pipeline/Particles/SimpleLit' not found
Refreshing native plugins compatible for Editor in 0.63 ms, found 0 plugins.
Preloading 0 native plugins for Editor in 0.00 ms.
Unloading 2658 Unused Serialized files (Serialized files now loaded: 0)
System memory in use before: 129.1 MB.
System memory in use after: 125.8 MB.

Unloading 53 unused Assets to reduce memory usage. Loaded Objects now: 3327.
Total: 7.197300 ms (FindLiveObjects: 0.426700 ms CreateObjectMapping: 0.220900 ms MarkObjects: 3.486700 ms  DeleteObjects: 3.060800 ms)

========================================================================
Received Import Request.
  Time since last request: 43.379472 seconds.
  path: Assets/scripts/PlayerController.cs
  artifactKey: Guid(48b92f7b1e06d4b458b69816be7a4ad5) Importer(815301076,1909f56bfc062723c751e8b465ee728b)
Start importing Assets/scripts/PlayerController.cs using Guid(48b92f7b1e06d4b458b69816be7a4ad5) Importer(815301076,1909f56bfc062723c751e8b465ee728b)  -> (artifact id: '836e9d7767a3c62fb70c047c4af01083') in 0.008455 seconds
  Import took 0.022692 seconds .

========================================================================
Received Import Request.
  Time since last request: 3.075707 seconds.
  path: Assets/scripts/PlayerController.cs
  artifactKey: Guid(48b92f7b1e06d4b458b69816be7a4ad5) Importer(815301076,1909f56bfc062723c751e8b465ee728b)
Start importing Assets/scripts/PlayerController.cs using Guid(48b92f7b1e06d4b458b69816be7a4ad5) Importer(815301076,1909f56bfc062723c751e8b465ee728b)  -> (artifact id: '836e9d7767a3c62fb70c047c4af01083') in 0.007319 seconds
  Import took 0.018320 seconds .

========================================================================
Received Prepare
Registering precompiled user dll's ...
Registered in 0.003172 seconds.
Begin MonoManager ReloadAssembly
Native extension for WindowsStandalone target not found
Native extension for WebGL target not found
Refreshing native plugins compatible for Editor in 1.38 ms, found 0 plugins.
Preloading 0 native plugins for Editor in 0.00 ms.
Mono: successfully reloaded assembly
- Completed reload, in  4.648 seconds
Platform modules already initialized, skipping
Shader 'Universal Render Pipeline/Particles/Lit': fallback shader 'Universal Render Pipeline/Particles/SimpleLit' not found
Shader 'Universal Render Pipeline/Particles/Lit': fallback shader 'Universal Render Pipeline/Particles/SimpleLit' not found
Refreshing native plugins compatible for Editor in 0.61 ms, found 0 plugins.
Preloading 0 native plugins for Editor in 0.00 ms.
Unloading 2658 Unused Serialized files (Serialized files now loaded: 0)
System memory in use before: 129.1 MB.
System memory in use after: 125.8 MB.

Unloading 53 unused Assets to reduce memory usage. Loaded Objects now: 3330.
Total: 9.827700 ms (FindLiveObjects: 0.565800 ms CreateObjectMapping: 0.332900 ms MarkObjects: 5.192200 ms  DeleteObjects: 3.734300 ms)

========================================================================
Received Prepare
Registering precompiled user dll's ...
Registered in 0.004400 seconds.
Begin MonoManager ReloadAssembly
Native extension for WindowsStandalone target not found
Native extension for WebGL target not found
Refreshing native plugins compatible for Editor in 0.96 ms, found 0 plugins.
Preloading 0 native plugins for Editor in 0.00 ms.
Mono: successfully reloaded assembly
- Completed reload, in  2.005 seconds
Platform modules already initialized, skipping
Shader 'Universal Render Pipeline/Particles/Lit': fallback shader 'Universal Render Pipeline/Particles/SimpleLit' not found
Shader 'Universal Render Pipeline/Particles/Lit': fallback shader 'Universal Render Pipeline/Particles/SimpleLit' not found
Refreshing native plugins compatible for Editor in 2.09 ms, found 0 plugins.
Preloading 0 native plugins for Editor in 0.00 ms.
Unloading 2658 Unused Serialized files (Serialized files now loaded: 0)
System memory in use before: 129.2 MB.
System memory in use after: 125.8 MB.

Unloading 53 unused Assets to reduce memory usage. Loaded Objects now: 3333.
Total: 14.387900 ms (FindLiveObjects: 1.696600 ms CreateObjectMapping: 0.981700 ms MarkObjects: 7.229500 ms  DeleteObjects: 4.476800 ms)

========================================================================
Received Prepare
Registering precompiled user dll's ...
Registered in 0.003898 seconds.
Begin MonoManager ReloadAssembly
Native extension for WindowsStandalone target not found
Native extension for WebGL target not found
Refreshing native plugins compatible for Editor in 1.35 ms, found 0 plugins.
Preloading 0 native plugins for Editor in 0.00 ms.
Mono: successfully reloaded assembly
- Completed reload, in  3.390 seconds
Platform modules already initialized, skipping
Shader 'Universal Render Pipeline/Particles/Lit': fallback shader 'Universal Render Pipeline/Particles/SimpleLit' not found
Shader 'Universal Render Pipeline/Particles/Lit': fallback shader 'Universal Render Pipeline/Particles/SimpleLit' not found
Refreshing native plugins compatible for Editor in 0.94 ms, found 0 plugins.
Preloading 0 native plugins for Editor in 0.00 ms.
Unloading 2658 Unused Serialized files (Serialized files now loaded: 0)
System memory in use before: 129.2 MB.
System memory in use after: 125.8 MB.

Unloading 53 unused Assets to reduce memory usage. Loaded Objects now: 3336.
Total: 5.156100 ms (FindLiveObjects: 0.527700 ms CreateObjectMapping: 0.176500 ms MarkObjects: 2.387300 ms  DeleteObjects: 2.062900 ms)

========================================================================
Received Prepare
Shader 'Universal Render Pipeline/Particles/Lit': fallback shader 'Universal Render Pipeline/Particles/SimpleLit' not found
Shader 'Universal Render Pipeline/Particles/Lit': fallback shader 'Universal Render Pipeline/Particles/SimpleLit' not found
Refreshing native plugins compatible for Editor in 6.41 ms, found 0 plugins.
Preloading 0 native plugins for Editor in 0.00 ms.
Unloading 51 Unused Serialized files (Serialized files now loaded: 0)
System memory in use before: 77.7 MB.
System memory in use after: 74.3 MB.

Unloading 51 unused Assets to reduce memory usage. Loaded Objects now: 3336.
Total: 18.170100 ms (FindLiveObjects: 1.753300 ms CreateObjectMapping: 0.491100 ms MarkObjects: 6.643500 ms  DeleteObjects: 9.275800 ms)

AssetImportWorkerClient::OnTransportError - code=2 error=End of file
