Using pre-set license
Built from '2020.3/staging' branch; Version is '2020.3.4f1 (0abb6314276a) revision 703331'; Using compiler version '192528614'; Build Type 'Release'
OS: 'Windows 10 Home; OS build 19041.928; Version 2004; 64bit' Language: 'es' Physical Memory: 8026 MB
BatchMode: 1, IsHumanControllingUs: 0, StartBugReporterOnCrash: 0, Is64bit: 1, IsPro: 0

 COMMAND LINE ARGUMENTS:
C:\Program Files\Unity\Hub\Editor\2020.3.4f1\Editor\Unity.exe
-adb2
-batchMode
-noUpm
-name
AssetImportWorker0
-projectPath
C:/Users/Daniel/True rolling ball
-logFile
Logs/AssetImportWorker0.log
-srvPort
30891
Successfully changed project path to: C:/Users/Daniel/True rolling ball
C:/Users/Daniel/True rolling ball
Using Asset Import Pipeline V2.
Refreshing native plugins compatible for Editor in 66.82 ms, found 0 plugins.
Preloading 0 native plugins for Editor in 0.00 ms.
Initialize engine version: 2020.3.4f1 (0abb6314276a)
[Subsystems] Discovering subsystems at path C:/Program Files/Unity/Hub/Editor/2020.3.4f1/Editor/Data/Resources/UnitySubsystems
[Subsystems] Discovering subsystems at path C:/Users/Daniel/True rolling ball/Assets
GfxDevice: creating device client; threaded=0
Direct3D:
    Version:  Direct3D 11.0 [level 11.1]
    Renderer: Intel(R) UHD Graphics 620 (ID=0x5917)
    Vendor:   
    VRAM:     4013 MB
    Driver:   25.20.100.6446
Initialize mono
Mono path[0] = 'C:/Program Files/Unity/Hub/Editor/2020.3.4f1/Editor/Data/Managed'
Mono path[1] = 'C:/Program Files/Unity/Hub/Editor/2020.3.4f1/Editor/Data/MonoBleedingEdge/lib/mono/unityjit'
Mono config path = 'C:/Program Files/Unity/Hub/Editor/2020.3.4f1/Editor/Data/MonoBleedingEdge/etc'
Using monoOptions --debugger-agent=transport=dt_socket,embedding=1,server=y,suspend=n,address=127.0.0.1:56688
Begin MonoManager ReloadAssembly
Registering precompiled unity dll's ...
Register platform support module: C:/Program Files/Unity/Hub/Editor/2020.3.4f1/Editor/Data/PlaybackEngines/WebGLSupport/UnityEditor.WebGL.Extensions.dll
Register platform support module: C:/Program Files/Unity/Hub/Editor/2020.3.4f1/Editor/Data/PlaybackEngines/WindowsStandaloneSupport/UnityEditor.WindowsStandalone.Extensions.dll
Registered in 0.004060 seconds.
Native extension for WindowsStandalone target not found
Native extension for WebGL target not found
Refreshing native plugins compatible for Editor in 71.62 ms, found 0 plugins.
Preloading 0 native plugins for Editor in 0.00 ms.
Mono: successfully reloaded assembly
- Completed reload, in  1.487 seconds
Platform modules already initialized, skipping
Registering precompiled user dll's ...
Registered in 0.001730 seconds.
Begin MonoManager ReloadAssembly
Native extension for WindowsStandalone target not found
Native extension for WebGL target not found
Refreshing native plugins compatible for Editor in 96.09 ms, found 0 plugins.
Preloading 0 native plugins for Editor in 0.00 ms.
Mono: successfully reloaded assembly
- Completed reload, in  1.367 seconds
Platform modules already initialized, skipping
========================================================================
Worker process is ready to serve import requests
Shader 'Universal Render Pipeline/Particles/Lit': fallback shader 'Universal Render Pipeline/Particles/SimpleLit' not found
Shader 'Universal Render Pipeline/Particles/Lit': fallback shader 'Universal Render Pipeline/Particles/SimpleLit' not found
Launched and connected shader compiler UnityShaderCompiler.exe after 0.07 seconds
Refreshing native plugins compatible for Editor in 0.82 ms, found 0 plugins.
Preloading 0 native plugins for Editor in 0.00 ms.
Unloading 2718 Unused Serialized files (Serialized files now loaded: 0)
System memory in use before: 124.7 MB.
System memory in use after: 121.9 MB.

Unloading 47 unused Assets to reduce memory usage. Loaded Objects now: 3126.
Total: 6.964700 ms (FindLiveObjects: 0.552500 ms CreateObjectMapping: 0.192800 ms MarkObjects: 4.043100 ms  DeleteObjects: 2.174100 ms)

========================================================================
Received Import Request.
  path: Assets/materials/New Material 1.mat
  artifactKey: Guid(7f0e01b08c618574e9c93c4a86d9e47b) Importer(815301076,1909f56bfc062723c751e8b465ee728b)
Start importing Assets/materials/New Material 1.mat using Guid(7f0e01b08c618574e9c93c4a86d9e47b) Importer(815301076,1909f56bfc062723c751e8b465ee728b)  -> (artifact id: '68f69490419bf77282869aa5df7546bd') in 0.348838 seconds
  Import took 0.354608 seconds .

========================================================================
Received Prepare
Registering precompiled user dll's ...
Registered in 0.001964 seconds.
Begin MonoManager ReloadAssembly
Native extension for WindowsStandalone target not found
Native extension for WebGL target not found
Refreshing native plugins compatible for Editor in 0.54 ms, found 0 plugins.
Preloading 0 native plugins for Editor in 0.00 ms.
Mono: successfully reloaded assembly
- Completed reload, in  1.353 seconds
Platform modules already initialized, skipping
Shader 'Universal Render Pipeline/Particles/Lit': fallback shader 'Universal Render Pipeline/Particles/SimpleLit' not found
Shader 'Universal Render Pipeline/Particles/Lit': fallback shader 'Universal Render Pipeline/Particles/SimpleLit' not found
Refreshing native plugins compatible for Editor in 0.49 ms, found 0 plugins.
Preloading 0 native plugins for Editor in 0.00 ms.
Unloading 2643 Unused Serialized files (Serialized files now loaded: 0)
System memory in use before: 126.6 MB.
System memory in use after: 123.9 MB.

Unloading 40 unused Assets to reduce memory usage. Loaded Objects now: 3207.
Total: 6.406400 ms (FindLiveObjects: 0.991500 ms CreateObjectMapping: 0.408100 ms MarkObjects: 3.322600 ms  DeleteObjects: 1.681300 ms)

========================================================================
Received Import Request.
  Time since last request: 76.980195 seconds.
  path: Assets/scripts/sc.cs
  artifactKey: Guid(77b8b3bcf3368754ca81d10c50342c14) Importer(815301076,1909f56bfc062723c751e8b465ee728b)
Start importing Assets/scripts/sc.cs using Guid(77b8b3bcf3368754ca81d10c50342c14) Importer(815301076,1909f56bfc062723c751e8b465ee728b)  -> (artifact id: '60e7ba2df9a8f2aca3e6819a0109c335') in 0.037949 seconds
  Import took 0.045081 seconds .

========================================================================
Received Import Request.
  Time since last request: 6.523831 seconds.
  path: Assets/scripts/playerController.cs
  artifactKey: Guid(77b8b3bcf3368754ca81d10c50342c14) Importer(815301076,1909f56bfc062723c751e8b465ee728b)
Start importing Assets/scripts/playerController.cs using Guid(77b8b3bcf3368754ca81d10c50342c14) Importer(815301076,1909f56bfc062723c751e8b465ee728b)  -> (artifact id: '7fcd83956bcc7d8c033a113646dfafac') in 0.013462 seconds
  Import took 0.023019 seconds .

========================================================================
Received Prepare
Registering precompiled user dll's ...
Registered in 0.001805 seconds.
Begin MonoManager ReloadAssembly
Native extension for WindowsStandalone target not found
Native extension for WebGL target not found
Refreshing native plugins compatible for Editor in 0.54 ms, found 0 plugins.
Preloading 0 native plugins for Editor in 0.00 ms.
Mono: successfully reloaded assembly
- Completed reload, in  1.724 seconds
Platform modules already initialized, skipping
Shader 'Universal Render Pipeline/Particles/Lit': fallback shader 'Universal Render Pipeline/Particles/SimpleLit' not found
Shader 'Universal Render Pipeline/Particles/Lit': fallback shader 'Universal Render Pipeline/Particles/SimpleLit' not found
Refreshing native plugins compatible for Editor in 0.54 ms, found 0 plugins.
Preloading 0 native plugins for Editor in 0.00 ms.
Unloading 2643 Unused Serialized files (Serialized files now loaded: 0)
System memory in use before: 126.7 MB.
System memory in use after: 124.0 MB.

Unloading 40 unused Assets to reduce memory usage. Loaded Objects now: 3210.
Total: 9.782000 ms (FindLiveObjects: 0.863600 ms CreateObjectMapping: 0.475200 ms MarkObjects: 5.629400 ms  DeleteObjects: 2.811300 ms)

========================================================================
Received Prepare
Registering precompiled user dll's ...
Registered in 0.001643 seconds.
Begin MonoManager ReloadAssembly
Native extension for WindowsStandalone target not found
Native extension for WebGL target not found
Refreshing native plugins compatible for Editor in 0.50 ms, found 0 plugins.
Preloading 0 native plugins for Editor in 0.00 ms.
Mono: successfully reloaded assembly
- Completed reload, in  1.216 seconds
Platform modules already initialized, skipping
Shader 'Universal Render Pipeline/Particles/Lit': fallback shader 'Universal Render Pipeline/Particles/SimpleLit' not found
Shader 'Universal Render Pipeline/Particles/Lit': fallback shader 'Universal Render Pipeline/Particles/SimpleLit' not found
Refreshing native plugins compatible for Editor in 0.49 ms, found 0 plugins.
Preloading 0 native plugins for Editor in 0.00 ms.
Unloading 2643 Unused Serialized files (Serialized files now loaded: 0)
System memory in use before: 126.8 MB.
System memory in use after: 124.0 MB.

Unloading 40 unused Assets to reduce memory usage. Loaded Objects now: 3213.
Total: 5.730200 ms (FindLiveObjects: 1.201200 ms CreateObjectMapping: 0.312300 ms MarkObjects: 2.405700 ms  DeleteObjects: 1.809200 ms)

========================================================================
Received Import Request.
  Time since last request: 30.822820 seconds.
  path: Assets/scripts/playerController.cs
  artifactKey: Guid(77b8b3bcf3368754ca81d10c50342c14) Importer(815301076,1909f56bfc062723c751e8b465ee728b)
Start importing Assets/scripts/playerController.cs using Guid(77b8b3bcf3368754ca81d10c50342c14) Importer(815301076,1909f56bfc062723c751e8b465ee728b)  -> (artifact id: '89beee5ad21fd44f7edf60bf5dd7cb6e') in 0.006547 seconds
  Import took 0.012103 seconds .

========================================================================
Received Import Request.
  Time since last request: 1.487053 seconds.
  path: Assets/scripts/playerController.cs
  artifactKey: Guid(77b8b3bcf3368754ca81d10c50342c14) Importer(815301076,1909f56bfc062723c751e8b465ee728b)
Start importing Assets/scripts/playerController.cs using Guid(77b8b3bcf3368754ca81d10c50342c14) Importer(815301076,1909f56bfc062723c751e8b465ee728b)  -> (artifact id: '89beee5ad21fd44f7edf60bf5dd7cb6e') in 0.003163 seconds
  Import took 0.009316 seconds .

========================================================================
Received Prepare
Registering precompiled user dll's ...
Registered in 0.002568 seconds.
Begin MonoManager ReloadAssembly
Native extension for WindowsStandalone target not found
Native extension for WebGL target not found
Refreshing native plugins compatible for Editor in 0.70 ms, found 0 plugins.
Preloading 0 native plugins for Editor in 0.00 ms.
Mono: successfully reloaded assembly
- Completed reload, in  1.118 seconds
Platform modules already initialized, skipping
Shader 'Universal Render Pipeline/Particles/Lit': fallback shader 'Universal Render Pipeline/Particles/SimpleLit' not found
Shader 'Universal Render Pipeline/Particles/Lit': fallback shader 'Universal Render Pipeline/Particles/SimpleLit' not found
Refreshing native plugins compatible for Editor in 0.51 ms, found 0 plugins.
Preloading 0 native plugins for Editor in 0.00 ms.
Unloading 2643 Unused Serialized files (Serialized files now loaded: 0)
System memory in use before: 126.8 MB.
System memory in use after: 124.0 MB.

Unloading 40 unused Assets to reduce memory usage. Loaded Objects now: 3216.
Total: 4.868300 ms (FindLiveObjects: 0.324200 ms CreateObjectMapping: 0.182200 ms MarkObjects: 2.604300 ms  DeleteObjects: 1.756300 ms)

========================================================================
Received Prepare
Registering precompiled user dll's ...
Registered in 0.002338 seconds.
Begin MonoManager ReloadAssembly
Native extension for WindowsStandalone target not found
Native extension for WebGL target not found
Refreshing native plugins compatible for Editor in 0.59 ms, found 0 plugins.
Preloading 0 native plugins for Editor in 0.00 ms.
Mono: successfully reloaded assembly
- Completed reload, in  1.202 seconds
Platform modules already initialized, skipping
Shader 'Universal Render Pipeline/Particles/Lit': fallback shader 'Universal Render Pipeline/Particles/SimpleLit' not found
Shader 'Universal Render Pipeline/Particles/Lit': fallback shader 'Universal Render Pipeline/Particles/SimpleLit' not found
Refreshing native plugins compatible for Editor in 0.49 ms, found 0 plugins.
Preloading 0 native plugins for Editor in 0.00 ms.
Unloading 2642 Unused Serialized files (Serialized files now loaded: 0)
System memory in use before: 126.7 MB.
System memory in use after: 124.0 MB.

Unloading 41 unused Assets to reduce memory usage. Loaded Objects now: 3218.
Total: 4.994600 ms (FindLiveObjects: 0.344600 ms CreateObjectMapping: 0.192500 ms MarkObjects: 2.590300 ms  DeleteObjects: 1.865300 ms)

========================================================================
Received Prepare
Registering precompiled user dll's ...
Registered in 0.001674 seconds.
Begin MonoManager ReloadAssembly
Native extension for WindowsStandalone target not found
Native extension for WebGL target not found
Refreshing native plugins compatible for Editor in 0.51 ms, found 0 plugins.
Preloading 0 native plugins for Editor in 0.00 ms.
Mono: successfully reloaded assembly
- Completed reload, in  1.261 seconds
Platform modules already initialized, skipping
Shader 'Universal Render Pipeline/Particles/Lit': fallback shader 'Universal Render Pipeline/Particles/SimpleLit' not found
Shader 'Universal Render Pipeline/Particles/Lit': fallback shader 'Universal Render Pipeline/Particles/SimpleLit' not found
Refreshing native plugins compatible for Editor in 0.75 ms, found 0 plugins.
Preloading 0 native plugins for Editor in 0.00 ms.
Unloading 2643 Unused Serialized files (Serialized files now loaded: 0)
System memory in use before: 126.8 MB.
System memory in use after: 124.0 MB.

Unloading 40 unused Assets to reduce memory usage. Loaded Objects now: 3222.
Total: 5.439600 ms (FindLiveObjects: 0.559000 ms CreateObjectMapping: 0.413700 ms MarkObjects: 2.511500 ms  DeleteObjects: 1.953700 ms)

========================================================================
Received Import Request.
  Time since last request: 204.612525 seconds.
  path: Assets/scripts/PlayerController.cs
  artifactKey: Guid(48b92f7b1e06d4b458b69816be7a4ad5) Importer(815301076,1909f56bfc062723c751e8b465ee728b)
Start importing Assets/scripts/PlayerController.cs using Guid(48b92f7b1e06d4b458b69816be7a4ad5) Importer(815301076,1909f56bfc062723c751e8b465ee728b)  -> (artifact id: '08d2ea63084f4f0d4256022096f8a5c9') in 0.019020 seconds
  Import took 0.034345 seconds .

========================================================================
Received Prepare
Registering precompiled user dll's ...
Registered in 0.001682 seconds.
Begin MonoManager ReloadAssembly
Native extension for WindowsStandalone target not found
Native extension for WebGL target not found
Refreshing native plugins compatible for Editor in 0.50 ms, found 0 plugins.
Preloading 0 native plugins for Editor in 0.00 ms.
Mono: successfully reloaded assembly
- Completed reload, in  1.219 seconds
Platform modules already initialized, skipping
Shader 'Universal Render Pipeline/Particles/Lit': fallback shader 'Universal Render Pipeline/Particles/SimpleLit' not found
Shader 'Universal Render Pipeline/Particles/Lit': fallback shader 'Universal Render Pipeline/Particles/SimpleLit' not found
Refreshing native plugins compatible for Editor in 0.51 ms, found 0 plugins.
Preloading 0 native plugins for Editor in 0.00 ms.
Unloading 2643 Unused Serialized files (Serialized files now loaded: 0)
System memory in use before: 126.8 MB.
System memory in use after: 124.0 MB.

Unloading 40 unused Assets to reduce memory usage. Loaded Objects now: 3225.
Total: 4.934000 ms (FindLiveObjects: 0.400300 ms CreateObjectMapping: 0.208900 ms MarkObjects: 2.450300 ms  DeleteObjects: 1.873300 ms)

========================================================================
Received Import Request.
  Time since last request: 14.439604 seconds.
  path: Assets/scripts/PlayerController.cs
  artifactKey: Guid(48b92f7b1e06d4b458b69816be7a4ad5) Importer(815301076,1909f56bfc062723c751e8b465ee728b)
Start importing Assets/scripts/PlayerController.cs using Guid(48b92f7b1e06d4b458b69816be7a4ad5) Importer(815301076,1909f56bfc062723c751e8b465ee728b)  -> (artifact id: '8d0450108d8e39df77a30a4750c2ddbb') in 0.010233 seconds
  Import took 0.018091 seconds .

========================================================================
Received Prepare
Registering precompiled user dll's ...
Registered in 0.001748 seconds.
Begin MonoManager ReloadAssembly
Native extension for WindowsStandalone target not found
Native extension for WebGL target not found
Refreshing native plugins compatible for Editor in 0.72 ms, found 0 plugins.
Preloading 0 native plugins for Editor in 0.00 ms.
Mono: successfully reloaded assembly
- Completed reload, in  1.268 seconds
Platform modules already initialized, skipping
Shader 'Universal Render Pipeline/Particles/Lit': fallback shader 'Universal Render Pipeline/Particles/SimpleLit' not found
Shader 'Universal Render Pipeline/Particles/Lit': fallback shader 'Universal Render Pipeline/Particles/SimpleLit' not found
Refreshing native plugins compatible for Editor in 0.51 ms, found 0 plugins.
Preloading 0 native plugins for Editor in 0.00 ms.
Unloading 2643 Unused Serialized files (Serialized files now loaded: 0)
System memory in use before: 126.8 MB.
System memory in use after: 124.1 MB.

Unloading 40 unused Assets to reduce memory usage. Loaded Objects now: 3228.
Total: 6.621500 ms (FindLiveObjects: 0.609900 ms CreateObjectMapping: 0.205100 ms MarkObjects: 3.027400 ms  DeleteObjects: 2.777300 ms)

========================================================================
Received Prepare
Registering precompiled user dll's ...
Registered in 0.001844 seconds.
Begin MonoManager ReloadAssembly
Native extension for WindowsStandalone target not found
Native extension for WebGL target not found
Refreshing native plugins compatible for Editor in 0.54 ms, found 0 plugins.
Preloading 0 native plugins for Editor in 0.00 ms.
Mono: successfully reloaded assembly
- Completed reload, in  1.304 seconds
Platform modules already initialized, skipping
Shader 'Universal Render Pipeline/Particles/Lit': fallback shader 'Universal Render Pipeline/Particles/SimpleLit' not found
Shader 'Universal Render Pipeline/Particles/Lit': fallback shader 'Universal Render Pipeline/Particles/SimpleLit' not found
Refreshing native plugins compatible for Editor in 0.59 ms, found 0 plugins.
Preloading 0 native plugins for Editor in 0.00 ms.
Unloading 2643 Unused Serialized files (Serialized files now loaded: 0)
System memory in use before: 126.8 MB.
System memory in use after: 124.1 MB.

Unloading 40 unused Assets to reduce memory usage. Loaded Objects now: 3231.
Total: 6.812500 ms (FindLiveObjects: 0.728100 ms CreateObjectMapping: 0.619800 ms MarkObjects: 3.487600 ms  DeleteObjects: 1.974400 ms)

========================================================================
Received Import Request.
  Time since last request: 322.465913 seconds.
  path: Assets/scripts/PlayerController.cs
  artifactKey: Guid(48b92f7b1e06d4b458b69816be7a4ad5) Importer(815301076,1909f56bfc062723c751e8b465ee728b)
Start importing Assets/scripts/PlayerController.cs using Guid(48b92f7b1e06d4b458b69816be7a4ad5) Importer(815301076,1909f56bfc062723c751e8b465ee728b)  -> (artifact id: '66a5c7d5715791d36a44b073bb5804e4') in 0.008491 seconds
  Import took 0.018604 seconds .

========================================================================
Received Prepare
Registering precompiled user dll's ...
Registered in 0.003438 seconds.
Begin MonoManager ReloadAssembly
Native extension for WindowsStandalone target not found
Native extension for WebGL target not found
Refreshing native plugins compatible for Editor in 1.17 ms, found 0 plugins.
Preloading 0 native plugins for Editor in 0.00 ms.
Mono: successfully reloaded assembly
- Completed reload, in  2.333 seconds
Platform modules already initialized, skipping
Shader 'Universal Render Pipeline/Particles/Lit': fallback shader 'Universal Render Pipeline/Particles/SimpleLit' not found
Shader 'Universal Render Pipeline/Particles/Lit': fallback shader 'Universal Render Pipeline/Particles/SimpleLit' not found
Refreshing native plugins compatible for Editor in 1.21 ms, found 0 plugins.
Preloading 0 native plugins for Editor in 0.00 ms.
Unloading 2643 Unused Serialized files (Serialized files now loaded: 0)
System memory in use before: 126.8 MB.
System memory in use after: 124.1 MB.

Unloading 40 unused Assets to reduce memory usage. Loaded Objects now: 3234.
Total: 9.305700 ms (FindLiveObjects: 1.433000 ms CreateObjectMapping: 0.619500 ms MarkObjects: 4.923000 ms  DeleteObjects: 2.328000 ms)

========================================================================
Received Prepare
Registering precompiled user dll's ...
Registered in 0.002041 seconds.
Begin MonoManager ReloadAssembly
Native extension for WindowsStandalone target not found
Native extension for WebGL target not found
Refreshing native plugins compatible for Editor in 0.52 ms, found 0 plugins.
Preloading 0 native plugins for Editor in 0.00 ms.
Mono: successfully reloaded assembly
- Completed reload, in  1.480 seconds
Platform modules already initialized, skipping
Shader 'Universal Render Pipeline/Particles/Lit': fallback shader 'Universal Render Pipeline/Particles/SimpleLit' not found
Shader 'Universal Render Pipeline/Particles/Lit': fallback shader 'Universal Render Pipeline/Particles/SimpleLit' not found
Refreshing native plugins compatible for Editor in 0.96 ms, found 0 plugins.
Preloading 0 native plugins for Editor in 0.00 ms.
Unloading 2643 Unused Serialized files (Serialized files now loaded: 0)
System memory in use before: 126.8 MB.
System memory in use after: 124.1 MB.

Unloading 40 unused Assets to reduce memory usage. Loaded Objects now: 3237.
Total: 7.150000 ms (FindLiveObjects: 0.548700 ms CreateObjectMapping: 0.186100 ms MarkObjects: 3.436500 ms  DeleteObjects: 2.976800 ms)

========================================================================
Received Prepare
Registering precompiled user dll's ...
Registered in 0.004324 seconds.
Begin MonoManager ReloadAssembly
Native extension for WindowsStandalone target not found
Native extension for WebGL target not found
Refreshing native plugins compatible for Editor in 0.62 ms, found 0 plugins.
Preloading 0 native plugins for Editor in 0.00 ms.
Mono: successfully reloaded assembly
- Completed reload, in  1.933 seconds
Platform modules already initialized, skipping
Shader 'Universal Render Pipeline/Particles/Lit': fallback shader 'Universal Render Pipeline/Particles/SimpleLit' not found
Shader 'Universal Render Pipeline/Particles/Lit': fallback shader 'Universal Render Pipeline/Particles/SimpleLit' not found
Refreshing native plugins compatible for Editor in 1.31 ms, found 0 plugins.
Preloading 0 native plugins for Editor in 0.00 ms.
Unloading 2643 Unused Serialized files (Serialized files now loaded: 0)
System memory in use before: 126.8 MB.
System memory in use after: 124.1 MB.

Unloading 40 unused Assets to reduce memory usage. Loaded Objects now: 3240.
Total: 7.067000 ms (FindLiveObjects: 0.747100 ms CreateObjectMapping: 0.352200 ms MarkObjects: 3.763800 ms  DeleteObjects: 2.201400 ms)

========================================================================
Received Prepare
Registering precompiled user dll's ...
Registered in 0.003142 seconds.
Begin MonoManager ReloadAssembly
Native extension for WindowsStandalone target not found
Native extension for WebGL target not found
Refreshing native plugins compatible for Editor in 1.16 ms, found 0 plugins.
Preloading 0 native plugins for Editor in 0.00 ms.
Mono: successfully reloaded assembly
- Completed reload, in  1.597 seconds
Platform modules already initialized, skipping
Shader 'Universal Render Pipeline/Particles/Lit': fallback shader 'Universal Render Pipeline/Particles/SimpleLit' not found
Shader 'Universal Render Pipeline/Particles/Lit': fallback shader 'Universal Render Pipeline/Particles/SimpleLit' not found
Refreshing native plugins compatible for Editor in 0.82 ms, found 0 plugins.
Preloading 0 native plugins for Editor in 0.00 ms.
Unloading 2643 Unused Serialized files (Serialized files now loaded: 0)
System memory in use before: 126.8 MB.
System memory in use after: 124.1 MB.

Unloading 40 unused Assets to reduce memory usage. Loaded Objects now: 3243.
Total: 7.406000 ms (FindLiveObjects: 0.564700 ms CreateObjectMapping: 0.289500 ms MarkObjects: 3.540100 ms  DeleteObjects: 3.009500 ms)

========================================================================
Received Prepare
Registering precompiled user dll's ...
Registered in 0.002502 seconds.
Begin MonoManager ReloadAssembly
Native extension for WindowsStandalone target not found
Native extension for WebGL target not found
Refreshing native plugins compatible for Editor in 1.03 ms, found 0 plugins.
Preloading 0 native plugins for Editor in 0.00 ms.
Mono: successfully reloaded assembly
- Completed reload, in  2.038 seconds
Platform modules already initialized, skipping
Shader 'Universal Render Pipeline/Particles/Lit': fallback shader 'Universal Render Pipeline/Particles/SimpleLit' not found
Shader 'Universal Render Pipeline/Particles/Lit': fallback shader 'Universal Render Pipeline/Particles/SimpleLit' not found
Refreshing native plugins compatible for Editor in 1.36 ms, found 0 plugins.
Preloading 0 native plugins for Editor in 0.00 ms.
Unloading 2643 Unused Serialized files (Serialized files now loaded: 0)
System memory in use before: 126.8 MB.
System memory in use after: 124.1 MB.

Unloading 40 unused Assets to reduce memory usage. Loaded Objects now: 3246.
Total: 8.733100 ms (FindLiveObjects: 0.461400 ms CreateObjectMapping: 0.379300 ms MarkObjects: 4.319800 ms  DeleteObjects: 3.570600 ms)

========================================================================
Received Prepare
Registering precompiled user dll's ...
Registered in 0.003123 seconds.
Begin MonoManager ReloadAssembly
Native extension for WindowsStandalone target not found
Native extension for WebGL target not found
Refreshing native plugins compatible for Editor in 0.78 ms, found 0 plugins.
Preloading 0 native plugins for Editor in 0.00 ms.
Mono: successfully reloaded assembly
- Completed reload, in  1.701 seconds
Platform modules already initialized, skipping
Shader 'Universal Render Pipeline/Particles/Lit': fallback shader 'Universal Render Pipeline/Particles/SimpleLit' not found
Shader 'Universal Render Pipeline/Particles/Lit': fallback shader 'Universal Render Pipeline/Particles/SimpleLit' not found
Refreshing native plugins compatible for Editor in 0.63 ms, found 0 plugins.
Preloading 0 native plugins for Editor in 0.00 ms.
Unloading 2644 Unused Serialized files (Serialized files now loaded: 0)
System memory in use before: 126.9 MB.
System memory in use after: 124.1 MB.

Unloading 40 unused Assets to reduce memory usage. Loaded Objects now: 3250.
Total: 6.564700 ms (FindLiveObjects: 0.688900 ms CreateObjectMapping: 0.417000 ms MarkObjects: 3.362600 ms  DeleteObjects: 2.093800 ms)

========================================================================
Received Prepare
Registering precompiled user dll's ...
Registered in 0.003181 seconds.
Begin MonoManager ReloadAssembly
Native extension for WindowsStandalone target not found
Native extension for WebGL target not found
Refreshing native plugins compatible for Editor in 0.93 ms, found 0 plugins.
Preloading 0 native plugins for Editor in 0.00 ms.
Mono: successfully reloaded assembly
- Completed reload, in  1.774 seconds
Platform modules already initialized, skipping
Shader 'Universal Render Pipeline/Particles/Lit': fallback shader 'Universal Render Pipeline/Particles/SimpleLit' not found
Shader 'Universal Render Pipeline/Particles/Lit': fallback shader 'Universal Render Pipeline/Particles/SimpleLit' not found
Refreshing native plugins compatible for Editor in 0.60 ms, found 0 plugins.
Preloading 0 native plugins for Editor in 0.00 ms.
Unloading 2644 Unused Serialized files (Serialized files now loaded: 0)
System memory in use before: 126.9 MB.
System memory in use after: 124.1 MB.

Unloading 40 unused Assets to reduce memory usage. Loaded Objects now: 3253.
Total: 9.925800 ms (FindLiveObjects: 0.900000 ms CreateObjectMapping: 0.405100 ms MarkObjects: 4.080700 ms  DeleteObjects: 4.537500 ms)

========================================================================
Received Import Request.
  Time since last request: 930.561472 seconds.
  path: Assets/scripts/CameraController.cs
  artifactKey: Guid(77f8bb4eb0eda834c99bbe9f6863d48b) Importer(815301076,1909f56bfc062723c751e8b465ee728b)
Start importing Assets/scripts/CameraController.cs using Guid(77f8bb4eb0eda834c99bbe9f6863d48b) Importer(815301076,1909f56bfc062723c751e8b465ee728b)  -> (artifact id: '4419c990a23e7663141d2e75355b1151') in 0.018195 seconds
  Import took 0.029756 seconds .

========================================================================
Received Prepare
Registering precompiled user dll's ...
Registered in 0.002131 seconds.
Begin MonoManager ReloadAssembly
Native extension for WindowsStandalone target not found
Native extension for WebGL target not found
Refreshing native plugins compatible for Editor in 1.05 ms, found 0 plugins.
Preloading 0 native plugins for Editor in 0.00 ms.
Mono: successfully reloaded assembly
- Completed reload, in  1.710 seconds
Platform modules already initialized, skipping
Shader 'Universal Render Pipeline/Particles/Lit': fallback shader 'Universal Render Pipeline/Particles/SimpleLit' not found
Shader 'Universal Render Pipeline/Particles/Lit': fallback shader 'Universal Render Pipeline/Particles/SimpleLit' not found
Refreshing native plugins compatible for Editor in 0.58 ms, found 0 plugins.
Preloading 0 native plugins for Editor in 0.00 ms.
Unloading 2644 Unused Serialized files (Serialized files now loaded: 0)
System memory in use before: 126.9 MB.
System memory in use after: 124.2 MB.

Unloading 40 unused Assets to reduce memory usage. Loaded Objects now: 3256.
Total: 8.429100 ms (FindLiveObjects: 0.774400 ms CreateObjectMapping: 0.361800 ms MarkObjects: 4.084000 ms  DeleteObjects: 3.206400 ms)

========================================================================
Received Import Request.
  Time since last request: 113.944171 seconds.
  path: Assets/scripts/CameraController.cs
  artifactKey: Guid(77f8bb4eb0eda834c99bbe9f6863d48b) Importer(815301076,1909f56bfc062723c751e8b465ee728b)
Start importing Assets/scripts/CameraController.cs using Guid(77f8bb4eb0eda834c99bbe9f6863d48b) Importer(815301076,1909f56bfc062723c751e8b465ee728b)  -> (artifact id: '8c57ccda0ee8b8e922e4cf9383f8bd27') in 0.010500 seconds
  Import took 0.018268 seconds .

========================================================================
Received Prepare
Registering precompiled user dll's ...
Registered in 0.002011 seconds.
Begin MonoManager ReloadAssembly
Native extension for WindowsStandalone target not found
Native extension for WebGL target not found
Refreshing native plugins compatible for Editor in 0.58 ms, found 0 plugins.
Preloading 0 native plugins for Editor in 0.00 ms.
Mono: successfully reloaded assembly
- Completed reload, in  1.674 seconds
Platform modules already initialized, skipping
Shader 'Universal Render Pipeline/Particles/Lit': fallback shader 'Universal Render Pipeline/Particles/SimpleLit' not found
Shader 'Universal Render Pipeline/Particles/Lit': fallback shader 'Universal Render Pipeline/Particles/SimpleLit' not found
Refreshing native plugins compatible for Editor in 0.68 ms, found 0 plugins.
Preloading 0 native plugins for Editor in 0.00 ms.
Unloading 2644 Unused Serialized files (Serialized files now loaded: 0)
System memory in use before: 126.9 MB.
System memory in use after: 124.2 MB.

Unloading 40 unused Assets to reduce memory usage. Loaded Objects now: 3259.
Total: 7.513100 ms (FindLiveObjects: 0.670100 ms CreateObjectMapping: 0.384800 ms MarkObjects: 3.892900 ms  DeleteObjects: 2.562700 ms)

========================================================================
Received Prepare
Registering precompiled user dll's ...
Registered in 0.002924 seconds.
Begin MonoManager ReloadAssembly
Native extension for WindowsStandalone target not found
Native extension for WebGL target not found
Refreshing native plugins compatible for Editor in 1.21 ms, found 0 plugins.
Preloading 0 native plugins for Editor in 0.00 ms.
Mono: successfully reloaded assembly
- Completed reload, in  1.816 seconds
Platform modules already initialized, skipping
Shader 'Universal Render Pipeline/Particles/Lit': fallback shader 'Universal Render Pipeline/Particles/SimpleLit' not found
Shader 'Universal Render Pipeline/Particles/Lit': fallback shader 'Universal Render Pipeline/Particles/SimpleLit' not found
Refreshing native plugins compatible for Editor in 0.83 ms, found 0 plugins.
Preloading 0 native plugins for Editor in 0.00 ms.
Unloading 2644 Unused Serialized files (Serialized files now loaded: 0)
System memory in use before: 126.9 MB.
System memory in use after: 124.2 MB.

Unloading 40 unused Assets to reduce memory usage. Loaded Objects now: 3262.
Total: 7.204100 ms (FindLiveObjects: 0.695700 ms CreateObjectMapping: 0.565400 ms MarkObjects: 3.556500 ms  DeleteObjects: 2.384100 ms)

========================================================================
Received Import Request.
  Time since last request: 469.906428 seconds.
  path: Assets/materials/floor.mat
  artifactKey: Guid(b87b8ac7a2d60d54ea10282cd1d2afd3) Importer(815301076,1909f56bfc062723c751e8b465ee728b)
Start importing Assets/materials/floor.mat using Guid(b87b8ac7a2d60d54ea10282cd1d2afd3) Importer(815301076,1909f56bfc062723c751e8b465ee728b)  -> (artifact id: 'ad2a7f8c40b85954ff3be95e9fbd2785') in 0.337083 seconds
  Import took 0.347126 seconds .

========================================================================
Received Import Request.
  Time since last request: 0.000393 seconds.
  path: Assets/materials/player.mat
  artifactKey: Guid(7f0e01b08c618574e9c93c4a86d9e47b) Importer(815301076,1909f56bfc062723c751e8b465ee728b)
Start importing Assets/materials/player.mat using Guid(7f0e01b08c618574e9c93c4a86d9e47b) Importer(815301076,1909f56bfc062723c751e8b465ee728b)  -> (artifact id: '67fb3e4e4d35dca5ccd732c09b44009b') in 0.044322 seconds
  Import took 0.054674 seconds .

========================================================================
Received Import Request.
  Time since last request: 0.002493 seconds.
  path: Assets/materials/player.mat
  artifactKey: Guid(7f0e01b08c618574e9c93c4a86d9e47b) Importer(815301076,1909f56bfc062723c751e8b465ee728b)
Start importing Assets/materials/player.mat using Guid(7f0e01b08c618574e9c93c4a86d9e47b) Importer(815301076,1909f56bfc062723c751e8b465ee728b)  -> (artifact id: '67fb3e4e4d35dca5ccd732c09b44009b') in 0.034767 seconds
  Import took 0.046254 seconds .

========================================================================
Received Import Request.
  Time since last request: 11.871762 seconds.
  path: Assets/materials/walls.mat
  artifactKey: Guid(5e6ddc585ac462c47b1e880c58f4f765) Importer(815301076,1909f56bfc062723c751e8b465ee728b)
Start importing Assets/materials/walls.mat using Guid(5e6ddc585ac462c47b1e880c58f4f765) Importer(815301076,1909f56bfc062723c751e8b465ee728b)  -> (artifact id: '074bd4613ae5a80969bca9798c0923fd') in 0.030005 seconds
  Import took 0.041092 seconds .

========================================================================
Received Import Request.
  Time since last request: 189.099404 seconds.
  path: Assets/materials/walls.mat
  artifactKey: Guid(5e6ddc585ac462c47b1e880c58f4f765) Importer(815301076,1909f56bfc062723c751e8b465ee728b)
Start importing Assets/materials/walls.mat using Guid(5e6ddc585ac462c47b1e880c58f4f765) Importer(815301076,1909f56bfc062723c751e8b465ee728b)  -> (artifact id: '00998c05c5545eecdb67238ca555be45') in 0.041508 seconds
  Import took 0.051755 seconds .

========================================================================
Received Prepare
Registering precompiled user dll's ...
Registered in 0.003462 seconds.
Begin MonoManager ReloadAssembly
Native extension for WindowsStandalone target not found
Native extension for WebGL target not found
Refreshing native plugins compatible for Editor in 0.52 ms, found 0 plugins.
Preloading 0 native plugins for Editor in 0.00 ms.
Mono: successfully reloaded assembly
- Completed reload, in  1.660 seconds
Platform modules already initialized, skipping
Shader 'Universal Render Pipeline/Particles/Lit': fallback shader 'Universal Render Pipeline/Particles/SimpleLit' not found
Shader 'Universal Render Pipeline/Particles/Lit': fallback shader 'Universal Render Pipeline/Particles/SimpleLit' not found
Refreshing native plugins compatible for Editor in 0.59 ms, found 0 plugins.
Preloading 0 native plugins for Editor in 0.00 ms.
Unloading 2644 Unused Serialized files (Serialized files now loaded: 0)
System memory in use before: 127.0 MB.
System memory in use after: 124.3 MB.

Unloading 40 unused Assets to reduce memory usage. Loaded Objects now: 3301.
Total: 6.089000 ms (FindLiveObjects: 0.749500 ms CreateObjectMapping: 0.425400 ms MarkObjects: 2.999000 ms  DeleteObjects: 1.903000 ms)

========================================================================
Received Import Request.
  Time since last request: 517.021633 seconds.
  path: Assets/materials/background.mat
  artifactKey: Guid(b87b8ac7a2d60d54ea10282cd1d2afd3) Importer(815301076,1909f56bfc062723c751e8b465ee728b)
Start importing Assets/materials/background.mat using Guid(b87b8ac7a2d60d54ea10282cd1d2afd3) Importer(815301076,1909f56bfc062723c751e8b465ee728b)  -> (artifact id: 'c14caf6ecbefb86c580c4d5bd048341e') in 0.325938 seconds
  Import took 0.339060 seconds .

========================================================================
Received Import Request.
  Time since last request: 0.000464 seconds.
  path: Assets/materials/player.mat
  artifactKey: Guid(7f0e01b08c618574e9c93c4a86d9e47b) Importer(815301076,1909f56bfc062723c751e8b465ee728b)
Start importing Assets/materials/player.mat using Guid(7f0e01b08c618574e9c93c4a86d9e47b) Importer(815301076,1909f56bfc062723c751e8b465ee728b)  -> (artifact id: '0b1438b0e5a6f2ad32183782b25f2139') in 0.028815 seconds
  Import took 0.041205 seconds .

========================================================================
Received Prepare
Registering precompiled user dll's ...
Registered in 0.003591 seconds.
Begin MonoManager ReloadAssembly
Native extension for WindowsStandalone target not found
Native extension for WebGL target not found
Refreshing native plugins compatible for Editor in 0.59 ms, found 0 plugins.
Preloading 0 native plugins for Editor in 0.00 ms.
Mono: successfully reloaded assembly
- Completed reload, in  1.691 seconds
Platform modules already initialized, skipping
Shader 'Universal Render Pipeline/Particles/Lit': fallback shader 'Universal Render Pipeline/Particles/SimpleLit' not found
Shader 'Universal Render Pipeline/Particles/Lit': fallback shader 'Universal Render Pipeline/Particles/SimpleLit' not found
Refreshing native plugins compatible for Editor in 0.69 ms, found 0 plugins.
Preloading 0 native plugins for Editor in 0.00 ms.
Unloading 2645 Unused Serialized files (Serialized files now loaded: 0)
System memory in use before: 127.3 MB.
System memory in use after: 124.6 MB.

Unloading 40 unused Assets to reduce memory usage. Loaded Objects now: 3341.
Total: 9.111500 ms (FindLiveObjects: 0.521900 ms CreateObjectMapping: 0.303100 ms MarkObjects: 4.671300 ms  DeleteObjects: 3.613200 ms)

========================================================================
Received Prepare
Registering precompiled user dll's ...
Registered in 0.001884 seconds.
Begin MonoManager ReloadAssembly
Native extension for WindowsStandalone target not found
Native extension for WebGL target not found
Refreshing native plugins compatible for Editor in 0.72 ms, found 0 plugins.
Preloading 0 native plugins for Editor in 0.00 ms.
Mono: successfully reloaded assembly
- Completed reload, in  1.445 seconds
Platform modules already initialized, skipping
Shader 'Universal Render Pipeline/Particles/Lit': fallback shader 'Universal Render Pipeline/Particles/SimpleLit' not found
Shader 'Universal Render Pipeline/Particles/Lit': fallback shader 'Universal Render Pipeline/Particles/SimpleLit' not found
Refreshing native plugins compatible for Editor in 0.58 ms, found 0 plugins.
Preloading 0 native plugins for Editor in 0.00 ms.
Unloading 2645 Unused Serialized files (Serialized files now loaded: 0)
System memory in use before: 127.3 MB.
System memory in use after: 124.6 MB.

Unloading 40 unused Assets to reduce memory usage. Loaded Objects now: 3344.
Total: 6.668300 ms (FindLiveObjects: 0.715500 ms CreateObjectMapping: 0.288800 ms MarkObjects: 2.623800 ms  DeleteObjects: 3.037000 ms)

========================================================================
Received Import Request.
  Time since last request: 291.156019 seconds.
  path: Assets/scripts/Rotator.cs
  artifactKey: Guid(7e185149f87ea93428886c5bcd145268) Importer(815301076,1909f56bfc062723c751e8b465ee728b)
Start importing Assets/scripts/Rotator.cs using Guid(7e185149f87ea93428886c5bcd145268) Importer(815301076,1909f56bfc062723c751e8b465ee728b)  -> (artifact id: '599a0632ab40f4835b92fd750993f5d4') in 0.014425 seconds
  Import took 0.020310 seconds .

========================================================================
Received Prepare
Registering precompiled user dll's ...
Registered in 0.001799 seconds.
Begin MonoManager ReloadAssembly
Native extension for WindowsStandalone target not found
Native extension for WebGL target not found
Refreshing native plugins compatible for Editor in 0.94 ms, found 0 plugins.
Preloading 0 native plugins for Editor in 0.00 ms.
Mono: successfully reloaded assembly
- Completed reload, in  1.476 seconds
Platform modules already initialized, skipping
Shader 'Universal Render Pipeline/Particles/Lit': fallback shader 'Universal Render Pipeline/Particles/SimpleLit' not found
Shader 'Universal Render Pipeline/Particles/Lit': fallback shader 'Universal Render Pipeline/Particles/SimpleLit' not found
Refreshing native plugins compatible for Editor in 1.43 ms, found 0 plugins.
Preloading 0 native plugins for Editor in 0.00 ms.
Unloading 2645 Unused Serialized files (Serialized files now loaded: 0)
System memory in use before: 127.3 MB.
System memory in use after: 124.6 MB.

Unloading 40 unused Assets to reduce memory usage. Loaded Objects now: 3347.
Total: 6.123500 ms (FindLiveObjects: 0.673400 ms CreateObjectMapping: 0.391200 ms MarkObjects: 2.796000 ms  DeleteObjects: 2.260800 ms)

AssetImportWorkerClient::OnTransportError - code=2 error=End of file
